glx_bind_pixmap(0x03208744): Failed to query Pixmap info.
win_paint_win(0x01a0005b): Failed to bind texture. Expect troubles.
win_paint_win(0x01a0005b): Missing painting data. This is a bad sign.
glx_bind_pixmap(0x0320a965): Failed to query Pixmap info.
win_paint_win(0x01a00101): Failed to bind texture. Expect troubles.
win_paint_win(0x01a00101): Missing painting data. This is a bad sign.
[     1.25 ] error    3 BadWindow    request   20 minor    0 serial   3092: "BadWindow (invalid Window parameter)"
[    28.39 ] error    3 BadWindow    request    2 minor    0 serial  90387: "BadWindow (invalid Window parameter)"
[   110.24 ] error    3 BadWindow    request   20 minor    0 serial 284868: "BadWindow (invalid Window parameter)"
[   110.24 ] error    3 BadWindow    request   20 minor    0 serial 284869: "BadWindow (invalid Window parameter)"
[   110.24 ] error    3 BadWindow    request   20 minor    0 serial 284870: "BadWindow (invalid Window parameter)"
[   110.24 ] error    3 BadWindow    request   20 minor    0 serial 284871: "BadWindow (invalid Window parameter)"
[   110.28 ] error    3 BadWindow    request   20 minor    0 serial 285056: "BadWindow (invalid Window parameter)"
[   175.40 ] error    9 BadDrawable  request  134 minor   14 serial 390237: "BadDrawable (invalid Pixmap or Window parameter)"
[   175.40 ] error  136 XSyncBadFence request  134 minor   18 serial 390238: "BadFence"
[   175.40 ] error  136 XSyncBadFence request  134 minor   15 serial 390239: "BadFence"
[   175.40 ] error  136 XSyncBadFence request  134 minor   19 serial 390240: "BadFence"
[   175.40 ] error  136 XSyncBadFence request  134 minor   18 serial 390241: "BadFence"
[   175.40 ] error  136 XSyncBadFence request  134 minor   16 serial 390242: "BadFence"
[   175.40 ] error    9 BadDrawable  request   14 minor    0 serial 390243: "BadDrawable (invalid Pixmap or Window parameter)"
[   175.40 ] error  136 XSyncBadFence request  134 minor   18 serial 390252: "BadFence"
[   175.40 ] error  136 XSyncBadFence request  134 minor   15 serial 390253: "BadFence"
[   175.40 ] error  136 XSyncBadFence request  134 minor   19 serial 390254: "BadFence"
[   175.40 ] error  136 XSyncBadFence request  134 minor   18 serial 390255: "BadFence"
[   175.40 ] error  136 XSyncBadFence request  134 minor   16 serial 390256: "BadFence"
[   175.40 ] error  136 XSyncBadFence request  134 minor   17 serial 390257: "BadFence"
[   175.40 ] error    9 BadDrawable  request   14 minor    0 serial 390258: "BadDrawable (invalid Pixmap or Window parameter)"
[   175.40 ] error    4 BadPixmap    request   54 minor    0 serial 390259: "BadPixmap (invalid Pixmap parameter)"
[   230.44 ] error    9 BadDrawable  request  134 minor   14 serial 483955: "BadDrawable (invalid Pixmap or Window parameter)"
[   230.44 ] error  136 XSyncBadFence request  134 minor   18 serial 483956: "BadFence"
[   230.44 ] error  136 XSyncBadFence request  134 minor   15 serial 483957: "BadFence"
[   230.44 ] error  136 XSyncBadFence request  134 minor   19 serial 483958: "BadFence"
[   230.44 ] error  136 XSyncBadFence request  134 minor   18 serial 483959: "BadFence"
[   230.44 ] error  136 XSyncBadFence request  134 minor   16 serial 483960: "BadFence"
[   230.44 ] error    9 BadDrawable  request   14 minor    0 serial 483961: "BadDrawable (invalid Pixmap or Window parameter)"
[   230.44 ] error  136 XSyncBadFence request  134 minor   18 serial 483970: "BadFence"
[   230.44 ] error  136 XSyncBadFence request  134 minor   15 serial 483971: "BadFence"
[   230.44 ] error  136 XSyncBadFence request  134 minor   19 serial 483972: "BadFence"
[   230.44 ] error  136 XSyncBadFence request  134 minor   18 serial 483973: "BadFence"
[   230.44 ] error  136 XSyncBadFence request  134 minor   16 serial 483974: "BadFence"
[   230.44 ] error  136 XSyncBadFence request  134 minor   17 serial 483975: "BadFence"
[   230.44 ] error    9 BadDrawable  request   14 minor    0 serial 483976: "BadDrawable (invalid Pixmap or Window parameter)"
[   230.44 ] error    4 BadPixmap    request   54 minor    0 serial 483977: "BadPixmap (invalid Pixmap parameter)"
[   383.18 ] error    9 BadDrawable  request  134 minor   14 serial 714354: "BadDrawable (invalid Pixmap or Window parameter)"
[   383.18 ] error  136 XSyncBadFence request  134 minor   18 serial 714355: "BadFence"
[   383.18 ] error  136 XSyncBadFence request  134 minor   15 serial 714356: "BadFence"
[   383.18 ] error  136 XSyncBadFence request  134 minor   1glx_bind_pixmap(0x0320fbfc): Failed to query Pixmap info.
win_paint_win(0x01a0010e): Failed to bind texture. Expect troubles.
win_paint_win(0x01a0010e): Missing painting data. This is a bad sign.
glx_bind_pixmap(0x0321fcd6): Failed to query Pixmap info.
win_paint_win(0x01a0005b): Failed to bind texture. Expect troubles.
win_paint_win(0x01a0005b): Missing painting data. This is a bad sign.
glx_bind_pixmap(0x0324a89f): Failed to query Pixmap info.
win_paint_win(0x01a0005b): Failed to bind texture. Expect troubles.
win_paint_win(0x01a0005b): Missing painting data. This is a bad sign.
9 serial 714357: "BadFence"
[   383.18 ] error  136 XSyncBadFence request  134 minor   18 serial 714358: "BadFence"
[   383.18 ] error  136 XSyncBadFence request  134 minor   16 serial 714359: "BadFence"
[   383.18 ] error    9 BadDrawable  request   14 minor    0 serial 714360: "BadDrawable (invalid Pixmap or Window parameter)"
[   383.18 ] error  136 XSyncBadFence request  134 minor   18 serial 714381: "BadFence"
[   383.18 ] error  136 XSyncBadFence request  134 minor   15 serial 714382: "BadFence"
[   383.18 ] error  136 XSyncBadFence request  134 minor   19 serial 714383: "BadFence"
[   383.18 ] error  136 XSyncBadFence request  134 minor   18 serial 714384: "BadFence"
[   383.18 ] error  136 XSyncBadFence request  134 minor   16 serial 714385: "BadFence"
[   383.18 ] error  136 XSyncBadFence request  134 minor   17 serial 714386: "BadFence"
[   383.18 ] error    9 BadDrawable  request   14 minor    0 serial 714387: "BadDrawable (invalid Pixmap or Window parameter)"
[   383.18 ] error    4 BadPixmap    request   54 minor    0 serial 714388: "BadPixmap (invalid Pixmap parameter)"
[   666.62 ] error    3 BadWindow    request    2 minor    0 serial 857334: "BadWindow (invalid Window parameter)"
[   668.19 ] error    3 BadWindow    request   20 minor    0 serial 862111: "BadWindow (invalid Window parameter)"
[   668.19 ] error    3 BadWindow    request   20 minor    0 serial 862112: "BadWindow (invalid Window parameter)"
[   668.19 ] error    3 BadWindow    request   20 minor    0 serial 862113: "BadWindow (invalid Window parameter)"
[   668.19 ] error    3 BadWindow    request   20 minor    0 serial 862145: "BadWindow (invalid Window parameter)"
[  1691.58 ] error    9 BadDrawable  request  134 minor   14 serial 1390844: "BadDrawable (invalid Pixmap or Window parameter)"
[  1691.58 ] error  136 XSyncBadFence request  134 minor   18 serial 1390845: "BadFence"
[  1691.58 ] error  136 XSyncBadFence request  134 minor   15 serial 1390846: "BadFence"
[  1691.58 ] error  136 XSyncBadFence request  134 minor   19 serial 1390847: "BadFence"
[  1691.58 ] error  136 XSyncBadFence request  134 minor   18 serial 1390848: "BadFence"
[  1691.58 ] error  136 XSyncBadFence request  134 minor   16 serial 1390849: "BadFence"
[  1691.58 ] error    9 BadDrawable  request   14 minor    0 serial 1390850: "BadDrawable (invalid Pixmap or Window parameter)"
[  1691.58 ] error  136 XSyncBadFence request  134 minor   18 serial 1390859: "BadFence"
[  1691.58 ] error  136 XSyncBadFence request  134 minor   15 serial 1390860: "BadFence"
[  1691.58 ] error  136 XSyncBadFence request  134 minor   19 serial 1390861: "BadFence"
[  1691.58 ] error  136 XSyncBadFence request  134 minor   18 serial 1390862: "BadFence"
[  1691.58 ] error  136 XSyncBadFence request  134 minor   16 serial 1390863: "BadFence"
[  1691.58 ] error  136 XSyncBadFence request  134 minor   17 serial 1390864: "BadFence"
[  1691.58 ] error    9 BadDrawable  request   14 minor    0 serial 1390865: "BadDrawable (invalid Pixmap or Window parameter)"
[  1691.58 ] error    4 BadPixmap    request   54 minor    0 serial 1390866: "BadPixmap (invalid Pixmap parameter)"
[  3173.56 ] error    9 BadDrawable  request  134 minor   14 serial 3090689: "BadDrawable (invalid Pixmap or Window parameter)"
[  3173.56 ] error  136 XSyncBadFence request  134 minor   18 serial 3090690: "BadFence"
[  3173.56 ] error  136 XSyncBadFence request  134 minor   15 serial 3090691: "BadFence"
[  3173.56 ] error  136 XSyncBadFence request  134 minor   19 serial 3090692: "BadFence"
[  3173.56 ] error  136 XSyncBadFence request  134 minor   18 serial 3090693: "BadFence"
[  3173.56 ] error  136 XSyncBadFence request  134 minor   16 serial 3090694: "BadFence"
[  3173.56 ] error    9 BadDrawable  request   14 minor    0 serial 3090695: "BadDrawable (invalid Pixmap or Window parameter)"
[  3173.56 ] error  136 XSyncBadFence request  134 minor   18 serial 3090715: "BadFence"
[  3173.56 ] error  136 XSyncBadFence request  134 minor   15 serial 3090716: "BadFence"
[  3173.56 ] error  136 XSyncBadFence request  134 minor   19 